proguard/seeds.txt
com.zhufu.sudoku.R$array
com.zhufu.sudoku.R$array: int game_levels
com.zhufu.sudoku.R$array: int game_states
com.zhufu.sudoku.R$array: int theme_codes
com.zhufu.sudoku.R$array: int theme_names
com.zhufu.sudoku.R$array: R$array()
com.zhufu.sudoku.R$attr
com.zhufu.sudoku.R$attr: int backgroundColor
com.zhufu.sudoku.R$attr: int backgroundColorReadOnly
com.zhufu.sudoku.R$attr: int backgroundColorSecondary
com.zhufu.sudoku.R$attr: int backgroundColorSelected
com.zhufu.sudoku.R$attr: int backgroundColorTouched
com.zhufu.sudoku.R$attr: int lineColor
com.zhufu.sudoku.R$attr: int max
com.zhufu.sudoku.R$attr: int min
com.zhufu.sudoku.R$attr: int sectorLineColor
com.zhufu.sudoku.R$attr: int textColor
com.zhufu.sudoku.R$attr: int textColorNote
com.zhufu.sudoku.R$attr: int textColorReadOnly
com.zhufu.sudoku.R$attr: int value
com.zhufu.sudoku.R$attr: int valueFormat
com.zhufu.sudoku.R$attr: R$attr()
com.zhufu.sudoku.R$color
com.zhufu.sudoku.R$color: int im_number_button_completed_text
com.zhufu.sudoku.R$color: int im_number_button_selected_background
com.zhufu.sudoku.R$color: R$color()
com.zhufu.sudoku.R$drawable
com.zhufu.sudoku.R$drawable: int bg_title_bar
com.zhufu.sudoku.R$drawable: int btn_completed_bg
com.zhufu.sudoku.R$drawable: int btn_completed_normal
com.zhufu.sudoku.R$drawable: int btn_completed_normal_disable
com.zhufu.sudoku.R$drawable: int btn_completed_normal_disable_focused
com.zhufu.sudoku.R$drawable: int btn_default_bg
com.zhufu.sudoku.R$drawable: int btn_default_normal
com.zhufu.sudoku.R$drawable: int btn_default_normal_disable
com.zhufu.sudoku.R$drawable: int btn_default_normal_disable_focused
com.zhufu.sudoku.R$drawable: int btn_default_pressed
com.zhufu.sudoku.R$drawable: int btn_default_selected
com.zhufu.sudoku.R$drawable: int btn_toggle
com.zhufu.sudoku.R$drawable: int btn_toggle_bg
com.zhufu.sudoku.R$drawable: int btn_toggle_completed_bg
com.zhufu.sudoku.R$drawable: int btn_toggle_off
com.zhufu.sudoku.R$drawable: int btn_toggle_on
com.zhufu.sudoku.R$drawable: int local_back_nomal
com.zhufu.sudoku.R$drawable: int local_in_nomal
com.zhufu.sudoku.R$drawable: int opensudoku_logo_72
com.zhufu.sudoku.R$drawable: int pencil
com.zhufu.sudoku.R$drawable: int pencil_disabled
com.zhufu.sudoku.R$drawable: int pencil_license
com.zhufu.sudoku.R$drawable: R$drawable()
com.zhufu.sudoku.R$id
com.zhufu.sudoku.R$id: int about
com.zhufu.sudoku.R$id: int adsdkContent
com.zhufu.sudoku.R$id: int app
com.zhufu.sudoku.R$id: int back
com.zhufu.sudoku.R$id: int button_1
com.zhufu.sudoku.R$id: int button_2
com.zhufu.sudoku.R$id: int button_3
com.zhufu.sudoku.R$id: int button_4
com.zhufu.sudoku.R$id: int button_5
com.zhufu.sudoku.R$id: int button_6
com.zhufu.sudoku.R$id: int button_7
com.zhufu.sudoku.R$id: int button_8
com.zhufu.sudoku.R$id: int button_9
com.zhufu.sudoku.R$id: int button_clear
com.zhufu.sudoku.R$id: int button_close
com.zhufu.sudoku.R$id: int created
com.zhufu.sudoku.R$id: int detail
com.zhufu.sudoku.R$id: int directory
com.zhufu.sudoku.R$id: int email
com.zhufu.sudoku.R$id: int exit
com.zhufu.sudoku.R$id: int filename
com.zhufu.sudoku.R$id: int filter_status
com.zhufu.sudoku.R$id: int input_methods
com.zhufu.sudoku.R$id: int last_played
com.zhufu.sudoku.R$id: int name
com.zhufu.sudoku.R$id: int note
com.zhufu.sudoku.R$id: int progress
com.zhufu.sudoku.R$id: int restart
com.zhufu.sudoku.R$id: int root_layout
com.zhufu.sudoku.R$id: int save_button
com.zhufu.sudoku.R$id: int seek_bar
com.zhufu.sudoku.R$id: int seek_bar_container
com.zhufu.sudoku.R$id: int set
com.zhufu.sudoku.R$id: int share
com.zhufu.sudoku.R$id: int start
com.zhufu.sudoku.R$id: int state
com.zhufu.sudoku.R$id: int sudoku_board
com.zhufu.sudoku.R$id: int switch_input_mode
com.zhufu.sudoku.R$id: int switch_num_note
com.zhufu.sudoku.R$id: int t2_3
...
com.dlnetwork.ao
com.dlnetwork.ao: com.dlnetwork.DianleOfferHelpService a
com.dlnetwork.ao: com.dlnetwork.au b
com.dlnetwork.ao: ao(com.dlnetwork.DianleOfferHelpService,com.dlnetwork.au)
com.dlnetwork.ao: void run()
com.dlnetwork.ap
com.dlnetwork.ap: long a
com.dlnetwork.ap: com.dlnetwork.DianleOfferHelpService b
com.dlnetwork.ap: ap(com.dlnetwork.DianleOfferHelpService)
com.dlnetwork.ap: void run()
com.dlnetwork.aq
com.dlnetwork.aq: com.dlnetwork.DianleOfferHelpService a
com.dlnetwork.aq: com.dlnetwork.au b
com.dlnetwork.aq: aq(com.dlnetwork.DianleOfferHelpService,com.dlnetwork.au)
com.dlnetwork.aq: void run()
com.dlnetwork.ar
com.dlnetwork.ar: com.dlnetwork.DianleOfferHelpService a
com.dlnetwork.ar: ar(com.dlnetwork.DianleOfferHelpService)
com.dlnetwork.ar: void run()
com.dlnetwork.as
com.dlnetwork.as: com.dlnetwork.DianleOfferHelpService a
com.dlnetwork.as: com.dlnetwork.au b
com.dlnetwork.as: as(com.dlnetwork.DianleOfferHelpService,com.dlnetwork.au)
com.dlnetwork.as: void run()
com.dlnetwork.at
com.dlnetwork.at: java.lang.String a
com.dlnetwork.at: java.lang.String b
com.dlnetwork.at: void <clinit>()
com.dlnetwork.at: java.lang.String a(java.lang.String,java.lang.String)
com.dlnetwork.at: java.lang.String a(java.lang.String,java.lang.String,int,int)
com.dlnetwork.at: java.lang.String a(java.lang.String,java.lang.String,java.lang.String)
com.dlnetwork.at: java.lang.String a(java.lang.String,java.lang.String,java.lang.String,int,int)
com.dlnetwork.at: java.lang.String a(android.content.Context)
com.dlnetwork.at: void a(java.lang.String)
com.dlnetwork.at: void b(java.lang.String)
com.dlnetwork.at: void c(java.lang.String)
com.dlnetwork.au
com.dlnetwork.au: java.util.HashMap f
com.dlnetwork.au: int a
com.dlnetwork.au: long b
com.dlnetwork.au: int c
com.dlnetwork.au: int d
com.dlnetwork.au: com.dlnetwork.bb e
com.dlnetwork.au: au()
com.dlnetwork.au: java.lang.String toString()
com.dlnetwork.au: com.dlnetwork.au a(java.lang.String)
com.dlnetwork.au: void a(java.lang.String,java.lang.String)
com.dlnetwork.au: java.lang.String a()
com.dlnetwork.au: java.lang.String b()
com.dlnetwork.au: java.lang.String c()
com.dlnetwork.au: java.lang.String d()
com.dlnetwork.au: java.lang.String e()
com.dlnetwork.au: java.lang.String f()
com.dlnetwork.au: java.lang.String g()
com.dlnetwork.au: java.lang.String h()
com.dlnetwork.au: java.lang.String i()
com.dlnetwork.au: java.lang.String j()
com.dlnetwork.au: java.lang.String k()
com.dlnetwork.au: java.lang.String l()
com.dlnetwork.au: int m()
com.dlnetwork.au: int n()
com.dlnetwork.au: int o()
com.dlnetwork.au: int p()
com.dlnetwork.au: java.lang.String q()
com.dlnetwork.au: int r()
com.dlnetwork.au: java.lang.String s()
com.dlnetwork.au: java.lang.String t()
com.dlnetwork.au: java.lang.String u()
com.dlnetwork.au: java.lang.String v()