proguard/mapping.txt
com.zhufu.sudoku.R -> com.zhufu.sudoku.R:
com.zhufu.sudoku.R$array -> com.zhufu.sudoku.R$array:
    int game_levels -> game_levels
    int game_states -> game_states
    int theme_codes -> theme_codes
    int theme_names -> theme_names
com.zhufu.sudoku.R$attr -> com.zhufu.sudoku.R$attr:
    int backgroundColor -> backgroundColor
    int backgroundColorReadOnly -> backgroundColorReadOnly
    int backgroundColorSecondary -> backgroundColorSecondary
    int backgroundColorSelected -> backgroundColorSelected
    int backgroundColorTouched -> backgroundColorTouched
    int lineColor -> lineColor
    int max -> max
    int min -> min
    int sectorLineColor -> sectorLineColor
    int textColor -> textColor
    int textColorNote -> textColorNote
    int textColorReadOnly -> textColorReadOnly
    int value -> value
    int valueFormat -> valueFormat
com.zhufu.sudoku.R$color -> com.zhufu.sudoku.R$color:
    int im_number_button_completed_text -> im_number_button_completed_text
    int im_number_button_selected_background -> im_number_button_selected_background
com.zhufu.sudoku.R$drawable -> com.zhufu.sudoku.R$drawable:
    int bg_title_bar -> bg_title_bar
    int btn_completed_bg -> btn_completed_bg
    int btn_completed_normal -> btn_completed_normal
    int btn_completed_normal_disable -> btn_completed_normal_disable
    int btn_completed_normal_disable_focused -> btn_completed_normal_disable_focused
    int btn_default_bg -> btn_default_bg
    int btn_default_normal -> btn_default_normal
    int btn_default_normal_disable -> btn_default_normal_disable
    int btn_default_normal_disable_focused -> btn_default_normal_disable_focused
    int btn_default_pressed -> btn_default_pressed
    int btn_default_selected -> btn_default_selected
    int btn_toggle -> btn_toggle
    int btn_toggle_bg -> btn_toggle_bg
    int btn_toggle_completed_bg -> btn_toggle_completed_bg
    int btn_toggle_off -> btn_toggle_off
    int btn_toggle_on -> btn_toggle_on
    int local_back_nomal -> local_back_nomal
    int local_in_nomal -> local_in_nomal
    int opensudoku_logo_72 -> opensudoku_logo_72
    int pencil -> pencil
    int pencil_disabled -> pencil_disabled
    int pencil_license -> pencil_license
com.zhufu.sudoku.R$id -> com.zhufu.sudoku.R$id:
    int about -> about
    int adsdkContent -> adsdkContent
    int app -> app
    int back -> back
    int button_1 -> button_1
    int button_2 -> button_2
    int button_3 -> button_3
    int button_4 -> button_4
    int button_5 -> button_5
    int button_6 -> button_6
    int button_7 -> button_7
    int button_8 -> button_8
    int button_9 -> button_9
    int button_clear -> button_clear
    int button_close -> button_close
    int created -> created
    int detail -> detail
    int directory -> directory
    int email -> email
    int exit -> exit
    int filename -> filename
    int filter_status -> filter_status
    int input_methods -> input_methods
    int last_played -> last_played
    int name -> name
    int note -> note
    int progress -> progress
    int restart -> restart
    int root_layout -> root_layout
    int save_button -> save_button
    int seek_bar -> seek_bar
    int seek_bar_container -> seek_bar_container
    int set -> set
    int share -> share
    int start -> start
    int state -> state
    int sudoku_board -> sudoku_board
    int switch_input_mode -> switch_input_mode
    int switch_num_note -> switch_num_note
    int t2_3 -> t2_3
    int t2_4 -> t2_4
    int t2_5 -> t2_5
    int t2_6 -> t2_6
    int t2_7 -> t2_7
    int time -> time
    int time_label -> time_label
    int title -> title
    int value -> value
    int version_label -> version_label
...
com.google.ads.internal.c$d -> com.google.ads.internal.c$d:
    com.google.ads.internal.c$d a -> a
    com.google.ads.internal.c$d b -> b
    com.google.ads.internal.c$d c -> c
    com.google.ads.internal.c$d d -> d
    java.lang.String e -> e
    com.google.ads.internal.c$d[] f -> f
    com.google.ads.internal.c$d[] values() -> values
    com.google.ads.internal.c$d valueOf(java.lang.String) -> valueOf
com.google.ads.internal.c$e -> com.google.ads.internal.c$e:
    com.google.ads.internal.d b -> b
    android.webkit.WebView c -> c
    java.util.LinkedList d -> d
    int e -> e
    boolean f -> f
    java.lang.String g -> g
    com.google.ads.AdSize h -> h
    com.google.ads.internal.c a -> a
    void run() -> run
com.google.ads.internal.d -> com.google.ads.internal.d:
    java.lang.Object a -> a
    com.google.ads.n b -> b
    com.google.ads.internal.c c -> c
    com.google.ads.AdRequest d -> d
    com.google.ads.internal.g e -> e
    com.google.ads.internal.AdWebView f -> f
    com.google.ads.internal.i g -> g
    boolean h -> h
    long i -> i
    boolean j -> j
    boolean k -> k
    boolean l -> l
    boolean m -> m
    boolean n -> n
    android.content.SharedPreferences o -> o
    long p -> p
    com.google.ads.af q -> q
    boolean r -> r
    java.util.LinkedList s -> s
    java.util.LinkedList t -> t
    java.util.LinkedList u -> u
    int v -> v
    java.lang.Boolean w -> w
    com.google.ads.d x -> x
    com.google.ads.e y -> y
    com.google.ads.f z -> z
    java.lang.String A -> A
    java.lang.String B -> B
    void a() -> a
    void b() -> b
    void a(java.lang.String) -> a
    java.lang.String c() -> c
    java.lang.String d() -> d
    void e() -> e
    void f() -> f
    void g() -> g
    void h() -> h
    com.google.ads.n i() -> i
    com.google.ads.d j() -> j
    com.google.ads.internal.c k() -> k
    com.google.ads.internal.AdWebView l() -> l
    com.google.ads.internal.i m() -> m
    com.google.ads.internal.g n() -> n
    void a(int) -> a
    int o() -> o
    long p() -> p
    boolean q() -> q
    boolean r() -> r
    boolean s() -> s
    boolean t() -> t
    void a(com.google.ads.AdRequest) -> a
    void a(com.google.ads.AdRequest$ErrorCode) -> a
com.google.ads.internal.e -> com.google.ads.internal.e:
    java.lang.String a -> a
    java.util.HashMap b -> b
    java.util.HashMap a(java.io.Serializable) -> a
    android.os.Bundle a() -> a
    java.lang.String b() -> b
    java.util.HashMap c() -> c
com.google.ads.internal.f -> com.google.ads.internal.f:
    com.google.ads.l a -> a
    com.google.ads.internal.f$a b -> b
    boolean c -> c
    boolean d -> d
    java.lang.String e -> e
    java.lang.Thread f -> f
    void a() -> a
    void a(java.net.HttpURLConnection) -> a
    void b(java.net.HttpURLConnection) -> b
    void c(java.net.HttpURLConnection) -> c
    void d(java.net.HttpURLConnection) -> d
    void e(java.net.HttpURLConnection) -> e
    void f(java.net.HttpURLConnection) -> f
    void g(java.net.HttpURLConnection) -> g
    void h(java.net.HttpURLConnection) -> h
    void i(java.net.HttpURLConnection) -> i
    void j(java.net.HttpURLConnection) -> j
    void k(java.net.HttpURLConnection) -> k
    void a(boolean) -> a
    void l(java.net.HttpURLConnection) -> l
    void m(java.net.HttpURLConnection) -> m
    void n(java.net.HttpURLConnection) -> n
    void a(java.lang.String) -> a
    void a(java.net.HttpURLConnection,int) -> a
    void run() -> run
    void b() -> b
    void a(android.content.Context,java.net.HttpURLConnection) -> a
com.google.ads.internal.f$1 -> com.google.ads.internal.f$1:
    java.net.HttpURLConnection a(java.net.URL) -> a
com.google.ads.internal.f$a -> com.google.ads.internal.f$a:
    java.net.HttpURLConnection a(java.net.URL) -> a